
Showing logs for build [32mcb-kubecd-bdd-gh-1588139586-mas-ggfb9-1[0m stage [32mfrom-build-pack[0m and container [32mstep-credential-initializer-z95rr[0m
{"level":"warn","ts":1588139741.3331501,"logger":"fallback-logger","caller":"logging/config.go:69","msg":"Fetch GitHub commit ID from kodata failed: \"ref: refs/heads/0.8.0-**-support-backwards-incompats\" is not a valid GitHub commit ID"}
{"level":"info","ts":1588139741.333915,"logger":"fallback-logger","caller":"creds-init/main.go:40","msg":"Credentials initialized."}

Showing logs for build [32mcb-kubecd-bdd-gh-1588139586-mas-ggfb9-1[0m stage [32mfrom-build-pack[0m and container [32mstep-working-dir-initializer-cghvs[0m
{"level":"warn","ts":1588139742.1987743,"logger":"fallback-logger","caller":"logging/config.go:69","msg":"Fetch GitHub commit ID from kodata failed: open /var/run/ko/HEAD: no such file or directory"}
{"level":"info","ts":1588139742.199959,"logger":"fallback-logger","caller":"bash/main.go:64","msg":"Successfully executed command \"sh -c mkdir -p /workspace/source\"; output "}

Showing logs for build [32mcb-kubecd-bdd-gh-1588139586-mas-ggfb9-1[0m stage [32mfrom-build-pack[0m and container [32mstep-place-tools[0m

Showing logs for build [32mcb-kubecd-bdd-gh-1588139586-mas-ggfb9-1[0m stage [32mfrom-build-pack[0m and container [32mstep-git-source-cb-kubecd-bdd-gh-1588139586-mas-ggfb9-lqgg5[0m
{"level":"warn","ts":1588139826.5207,"logger":"fallback-logger","caller":"logging/config.go:69","msg":"Fetch GitHub commit ID from kodata failed: \"ref: refs/heads/0.8.0-**-support-backwards-incompats\" is not a valid GitHub commit ID"}
{"level":"info","ts":1588139827.6259646,"logger":"fallback-logger","caller":"git/git.go:103","msg":"Successfully cloned https://github.com/cb-kubecd/bdd-gh-1588139586.git @ v0.0.1 in path /workspace/source"}

Showing logs for build [32mcb-kubecd-bdd-gh-1588139586-mas-ggfb9-1[0m stage [32mfrom-build-pack[0m and container [32mstep-git-merge[0m
Using SHAs from PULL_REFS=master:
WARNING: no SHAs to merge, falling back to initial cloned commit

Showing logs for build [32mcb-kubecd-bdd-gh-1588139586-mas-ggfb9-1[0m stage [32mfrom-build-pack[0m and container [32mstep-setup-jx-git-credentials[0m
Generated Git credentials file /workspace/xdg_config/git/credentials

Showing logs for build [32mcb-kubecd-bdd-gh-1588139586-mas-ggfb9-1[0m stage [32mfrom-build-pack[0m and container [32mstep-build-make-build[0m
CGO_ENABLED=0 GO15VENDOREXPERIMENT=1 go build -ldflags '' -o bin/bdd-gh-1588139586 main.go

Showing logs for build [32mcb-kubecd-bdd-gh-1588139586-mas-ggfb9-1[0m stage [32mfrom-build-pack[0m and container [32mstep-build-container-build[0m
ERROR: logging before flag.Parse: E0429 05:57:22.375620      10 metadata.go:241] Failed to unmarshal scopes: invalid character 'h' looking for beginning of value
[36mINFO[0m[0000] Resolved base name scratch to scratch        
[36mINFO[0m[0000] Using dockerignore file: /workspace/source/.dockerignore 
[36mINFO[0m[0000] Resolved base name scratch to scratch        
[36mINFO[0m[0000] Built cross stage deps: map[]                
[36mINFO[0m[0000] No base image, nothing to extract            
[36mINFO[0m[0000] cmd: EXPOSE                                  
[36mINFO[0m[0000] Adding exposed port: 8080/tcp                
[36mINFO[0m[0000] Checking for cached layer gcr.io/jenkins-x-labs-bdd/cache:99f0bf06ad686b814b605d68e6b8c9a57796116dc90ab8168b865370fbce1ffa... 
[36mINFO[0m[0000] No cached layer found for cmd COPY ./bin/ /  
[36mINFO[0m[0000] Unpacking rootfs as cmd COPY ./bin/ / requires it. 
[36mINFO[0m[0000] Taking snapshot of full filesystem...        
[36mINFO[0m[0000] Resolving paths                              
[36mINFO[0m[0000] EXPOSE 8080                                  
[36mINFO[0m[0000] cmd: EXPOSE                                  
[36mINFO[0m[0000] Adding exposed port: 8080/tcp                
[36mINFO[0m[0000] No files changed in this command, skipping snapshotting. 
[36mINFO[0m[0000] ENTRYPOINT ["/bdd-gh-1588139586"]            
[36mINFO[0m[0000] No files changed in this command, skipping snapshotting. 
[36mINFO[0m[0000] COPY ./bin/ /                                
[36mINFO[0m[0000] Resolving paths                              
[36mINFO[0m[0000] Taking snapshot of files...                  
[36mINFO[0m[0001] Pushing layer gcr.io/jenkins-x-labs-bdd/cache:99f0bf06ad686b814b605d68e6b8c9a57796116dc90ab8168b865370fbce1ffa to cache now 

Showing logs for build [32mcb-kubecd-bdd-gh-1588139586-mas-ggfb9-1[0m stage [32mfrom-build-pack[0m and container [32mstep-promote-changelog[0m
Converted /workspace/source/charts/bdd-gh-1588139586 to an unshallow repository
Generating change log from git ref 1d4130c4e96b986ec07c9e3022563fcb3efcf281 => 0d0b690609edda5cd25f9044efc89965e6e7f69f
Associating user x-0 in users.jenkins.io with email jenkins-x-*****@googlegroups.com to git GitProvider user with login -0 as emails match
Adding label jenkins.io/git-github-userid=-0 to user x-0 in users.jenkins.io
WARNING: Failed to enrich commit 3e0afbb34413cc14d46a3120f543a7dca316b982 with issues: User.jenkins.io "x-0" is invalid: metadata.labels: Invalid value: "-0": a valid label must be an empty string or consist of alphanumeric characters, '-', '_' or '.', and must start and end with an alphanumeric character (e.g. 'MyValue',  or 'my_value',  or '12345', regex used for validation is '(([A-Za-z0-9][-A-Za-z0-9_.]*)?[A-Za-z0-9])?')
Finding issues in commit messages using git format
WARNING: No release found for cb-kubecd/bdd-gh-1588139586 and tag v0.0.1 so creating a new release
Updated the release information at https://github.com/cb-kubecd/bdd-gh-1588139586/releases/tag/v0.0.1
generated: /workspace/source/charts/bdd-gh-1588139586/templates/release.yaml
Created Release bdd-gh-1588139586-0-0-1 resource in namespace **
Updating PipelineActivity cb-kubecd-bdd-gh-1588139586-master-1 with version 0.0.1
Updated PipelineActivities cb-kubecd-bdd-gh-1588139586-master-1 with release notes URL: https://github.com/cb-kubecd/bdd-gh-1588139586/releases/tag/v0.0.1

Showing logs for build [32mcb-kubecd-bdd-gh-1588139586-mas-ggfb9-1[0m stage [32mfrom-build-pack[0m and container [32mstep-promote-helm-release[0m
WARNING: No $CHART_REPOSITORY defined so using the default value of: http://jenkins-x-chartmuseum:8080
Adding missing Helm repo: storage.googleapis.com https://storage.googleapis.com/chartmuseum.jenkins-x.io
Successfully added Helm repository storage.googleapis.com.
Adding missing Helm repo: jenkins-x-chartmuseum http://jenkins-x-chartmuseum:8080
Successfully added Helm repository jenkins-x-chartmuseum.
WARNING: No $CHART_REPOSITORY defined so using the default value of: http://jenkins-x-chartmuseum:8080
Uploading chart file bdd-gh-1588139586-0.0.1.tgz to http://jenkins-x-chartmuseum:8080/api/charts
Received 201 response: {"saved":true}

Showing logs for build [32mcb-kubecd-bdd-gh-1588139586-mas-ggfb9-1[0m stage [32mfrom-build-pack[0m and container [32mstep-promote-jx-promote[0m
WARNING: prow based install so skip waiting for the merge of Pull Requests to go green as currently there is an issue with gettingstatuses from the PR, see https://github.com/jenkins-x/**/issues/2410
WARNING: No $CHART_REPOSITORY defined so using the default value of: http://jenkins-x-chartmuseum:8080
Promoting app bdd-gh-1588139586 version 0.0.1 to namespace **-staging
WARNING: could not find upstream git URL failed to unmarshal  due to no GitConfDir defined
pushed merged branch promote-bdd-gh-1588139586-0.0.1
Created Pull Request: https://github.com/cb-kubecd/environment-pr-48-4-bdd-gke-staging/pull/1
Added label updatebot to Pull Request https://github.com/cb-kubecd/environment-pr-48-4-bdd-gke-staging/pull/1
WARNING: Failed to query the Pull Request last commit status for https://github.com/cb-kubecd/environment-pr-48-4-bdd-gke-staging/pull/1 ref 3aa312063044ae413f9d28250b7def4516049ba5 Could not find a status for repository cb-kubecd/environment-pr-48-4-bdd-gke-staging with ref 3aa312063044ae413f9d28250b7def4516049ba5
WARNING: Failed to query the Pull Request last commit status for https://github.com/cb-kubecd/environment-pr-48-4-bdd-gke-staging/pull/1 ref 3aa312063044ae413f9d28250b7def4516049ba5 Could not find a status for repository cb-kubecd/environment-pr-48-4-bdd-gke-staging with ref 3aa312063044ae413f9d28250b7def4516049ba5
WARNING: Failed to query the Pull Request last commit status for https://github.com/cb-kubecd/environment-pr-48-4-bdd-gke-staging/pull/1 ref 3aa312063044ae413f9d28250b7def4516049ba5 Could not find a status for repository cb-kubecd/environment-pr-48-4-bdd-gke-staging with ref 3aa312063044ae413f9d28250b7def4516049ba5
WARNING: Failed to query the Pull Request last commit status for https://github.com/cb-kubecd/environment-pr-48-4-bdd-gke-staging/pull/1 ref 3aa312063044ae413f9d28250b7def4516049ba5 Could not find a status for repository cb-kubecd/environment-pr-48-4-bdd-gke-staging with ref 3aa312063044ae413f9d28250b7def4516049ba5
WARNING: Failed to query the Pull Request last commit status for https://github.com/cb-kubecd/environment-pr-48-4-bdd-gke-staging/pull/1 ref 3aa312063044ae413f9d28250b7def4516049ba5 Could not find a status for repository cb-kubecd/environment-pr-48-4-bdd-gke-staging with ref 3aa312063044ae413f9d28250b7def4516049ba5
WARNING: Failed to query the Pull Request last commit status for https://github.com/cb-kubecd/environment-pr-48-4-bdd-gke-staging/pull/1 ref 3aa312063044ae413f9d28250b7def4516049ba5 Could not find a status for repository cb-kubecd/environment-pr-48-4-bdd-gke-staging with ref 3aa312063044ae413f9d28250b7def4516049ba5
WARNING: Failed to query the Pull Request last commit status for https://github.com/cb-kubecd/environment-pr-48-4-bdd-gke-staging/pull/1 ref 3aa312063044ae413f9d28250b7def4516049ba5 Could not find a status for repository cb-kubecd/environment-pr-48-4-bdd-gke-staging with ref 3aa312063044ae413f9d28250b7def4516049ba5
WARNING: Failed to query the Pull Request last commit status for https://github.com/cb-kubecd/environment-pr-48-4-bdd-gke-staging/pull/1 ref 3aa312063044ae413f9d28250b7def4516049ba5 Could not find a status for repository cb-kubecd/environment-pr-48-4-bdd-gke-staging with ref 3aa312063044ae413f9d28250b7def4516049ba5
WARNING: Failed to query the Pull Request last commit status for https://github.com/cb-kubecd/environment-pr-48-4-bdd-gke-staging/pull/1 ref 3aa312063044ae413f9d28250b7def4516049ba5 Could not find a status for repository cb-kubecd/environment-pr-48-4-bdd-gke-staging with ref 3aa312063044ae413f9d28250b7def4516049ba5
WARNING: Failed to query the Pull Request last commit status for https://github.com/cb-kubecd/environment-pr-48-4-bdd-gke-staging/pull/1 ref 3aa312063044ae413f9d28250b7def4516049ba5 Could not find a status for repository cb-kubecd/environment-pr-48-4-bdd-gke-staging with ref 3aa312063044ae413f9d28250b7def4516049ba5
WARNING: Failed to query the Pull Request last commit status for https://github.com/cb-kubecd/environment-pr-48-4-bdd-gke-staging/pull/1 ref 3aa312063044ae413f9d28250b7def4516049ba5 Could not find a status for repository cb-kubecd/environment-pr-48-4-bdd-gke-staging with ref 3aa312063044ae413f9d28250b7def4516049ba5
WARNING: Failed to query the Pull Request last commit status for https://github.com/cb-kubecd/environment-pr-48-4-bdd-gke-staging/pull/1 ref 3aa312063044ae413f9d28250b7def4516049ba5 Could not find a status for repository cb-kubecd/environment-pr-48-4-bdd-gke-staging with ref 3aa312063044ae413f9d28250b7def4516049ba5
WARNING: Failed to query the Pull Request last commit status for https://github.com/cb-kubecd/environment-pr-48-4-bdd-gke-staging/pull/1 ref 3aa312063044ae413f9d28250b7def4516049ba5 Could not find a status for repository cb-kubecd/environment-pr-48-4-bdd-gke-staging with ref 3aa312063044ae413f9d28250b7def4516049ba5
WARNING: Failed to query the Pull Request last commit status for https://github.com/cb-kubecd/environment-pr-48-4-bdd-gke-staging/pull/1 ref 3aa312063044ae413f9d28250b7def4516049ba5 Could not find a status for repository cb-kubecd/environment-pr-48-4-bdd-gke-staging with ref 3aa312063044ae413f9d28250b7def4516049ba5
WARNING: Failed to query the Pull Request last commit status for https://github.com/cb-kubecd/environment-pr-48-4-bdd-gke-staging/pull/1 ref 3aa312063044ae413f9d28250b7def4516049ba5 Could not find a status for repository cb-kubecd/environment-pr-48-4-bdd-gke-staging with ref 3aa312063044ae413f9d28250b7def4516049ba5
WARNING: Failed to query the Pull Request last commit status for https://github.com/cb-kubecd/environment-pr-48-4-bdd-gke-staging/pull/1 ref 3aa312063044ae413f9d28250b7def4516049ba5 Could not find a status for repository cb-kubecd/environment-pr-48-4-bdd-gke-staging with ref 3aa312063044ae413f9d28250b7def4516049ba5
WARNING: Failed to query the Pull Request last commit status for https://github.com/cb-kubecd/environment-pr-48-4-bdd-gke-staging/pull/1 ref 3aa312063044ae413f9d28250b7def4516049ba5 Could not find a status for repository cb-kubecd/environment-pr-48-4-bdd-gke-staging with ref 3aa312063044ae413f9d28250b7def4516049ba5
WARNING: Failed to query the Pull Request last commit status for https://github.com/cb-kubecd/environment-pr-48-4-bdd-gke-staging/pull/1 ref 3aa312063044ae413f9d28250b7def4516049ba5 Could not find a status for repository cb-kubecd/environment-pr-48-4-bdd-gke-staging with ref 3aa312063044ae413f9d28250b7def4516049ba5
WARNING: Failed to query the Pull Request last commit status for https://github.com/cb-kubecd/environment-pr-48-4-bdd-gke-staging/pull/1 ref 3aa312063044ae413f9d28250b7def4516049ba5 Could not find a status for repository cb-kubecd/environment-pr-48-4-bdd-gke-staging with ref 3aa312063044ae413f9d28250b7def4516049ba5
WARNING: Failed to query the Pull Request last commit status for https://github.com/cb-kubecd/environment-pr-48-4-bdd-gke-staging/pull/1 ref 3aa312063044ae413f9d28250b7def4516049ba5 Could not find a status for repository cb-kubecd/environment-pr-48-4-bdd-gke-staging with ref 3aa312063044ae413f9d28250b7def4516049ba5
WARNING: Failed to query the Pull Request last commit status for https://github.com/cb-kubecd/environment-pr-48-4-bdd-gke-staging/pull/1 ref 3aa312063044ae413f9d28250b7def4516049ba5 Could not find a status for repository cb-kubecd/environment-pr-48-4-bdd-gke-staging with ref 3aa312063044ae413f9d28250b7def4516049ba5
WARNING: Failed to query the Pull Request last commit status for https://github.com/cb-kubecd/environment-pr-48-4-bdd-gke-staging/pull/1 ref 3aa312063044ae413f9d28250b7def4516049ba5 Could not find a status for repository cb-kubecd/environment-pr-48-4-bdd-gke-staging with ref 3aa312063044ae413f9d28250b7def4516049ba5
WARNING: Failed to query the Pull Request last commit status for https://github.com/cb-kubecd/environment-pr-48-4-bdd-gke-staging/pull/1 ref 3aa312063044ae413f9d28250b7def4516049ba5 Could not find a status for repository cb-kubecd/environment-pr-48-4-bdd-gke-staging with ref 3aa312063044ae413f9d28250b7def4516049ba5
WARNING: Failed to query the Pull Request last commit status for https://github.com/cb-kubecd/environment-pr-48-4-bdd-gke-staging/pull/1 ref 3aa312063044ae413f9d28250b7def4516049ba5 Could not find a status for repository cb-kubecd/environment-pr-48-4-bdd-gke-staging with ref 3aa312063044ae413f9d28250b7def4516049ba5
WARNING: Failed to query the Pull Request last commit status for https://github.com/cb-kubecd/environment-pr-48-4-bdd-gke-staging/pull/1 ref 3aa312063044ae413f9d28250b7def4516049ba5 Could not find a status for repository cb-kubecd/environment-pr-48-4-bdd-gke-staging with ref 3aa312063044ae413f9d28250b7def4516049ba5
WARNING: Failed to query the Pull Request last commit status for https://github.com/cb-kubecd/environment-pr-48-4-bdd-gke-staging/pull/1 ref 3aa312063044ae413f9d28250b7def4516049ba5 Could not find a status for repository cb-kubecd/environment-pr-48-4-bdd-gke-staging with ref 3aa312063044ae413f9d28250b7def4516049ba5
WARNING: Failed to query the Pull Request last commit status for https://github.com/cb-kubecd/environment-pr-48-4-bdd-gke-staging/pull/1 ref 3aa312063044ae413f9d28250b7def4516049ba5 Could not find a status for repository cb-kubecd/environment-pr-48-4-bdd-gke-staging with ref 3aa312063044ae413f9d28250b7def4516049ba5
WARNING: Failed to query the Pull Request last commit status for https://github.com/cb-kubecd/environment-pr-48-4-bdd-gke-staging/pull/1 ref 3aa312063044ae413f9d28250b7def4516049ba5 Could not find a status for repository cb-kubecd/environment-pr-48-4-bdd-gke-staging with ref 3aa312063044ae413f9d28250b7def4516049ba5
WARNING: Failed to query the Pull Request last commit status for https://github.com/cb-kubecd/environment-pr-48-4-bdd-gke-staging/pull/1 ref 3aa312063044ae413f9d28250b7def4516049ba5 Could not find a status for repository cb-kubecd/environment-pr-48-4-bdd-gke-staging with ref 3aa312063044ae413f9d28250b7def4516049ba5
WARNING: Failed to query the Pull Request last commit status for https://github.com/cb-kubecd/environment-pr-48-4-bdd-gke-staging/pull/1 ref 3aa312063044ae413f9d28250b7def4516049ba5 Could not find a status for repository cb-kubecd/environment-pr-48-4-bdd-gke-staging with ref 3aa312063044ae413f9d28250b7def4516049ba5
WARNING: Failed to query the Pull Request last commit status for https://github.com/cb-kubecd/environment-pr-48-4-bdd-gke-staging/pull/1 ref 3aa312063044ae413f9d28250b7def4516049ba5 Could not find a status for repository cb-kubecd/environment-pr-48-4-bdd-gke-staging with ref 3aa312063044ae413f9d28250b7def4516049ba5
WARNING: Failed to query the Pull Request last commit status for https://github.com/cb-kubecd/environment-pr-48-4-bdd-gke-staging/pull/1 ref 3aa312063044ae413f9d28250b7def4516049ba5 Could not find a status for repository cb-kubecd/environment-pr-48-4-bdd-gke-staging with ref 3aa312063044ae413f9d28250b7def4516049ba5
WARNING: Failed to query the Pull Request last commit status for https://github.com/cb-kubecd/environment-pr-48-4-bdd-gke-staging/pull/1 ref 3aa312063044ae413f9d28250b7def4516049ba5 Could not find a status for repository cb-kubecd/environment-pr-48-4-bdd-gke-staging with ref 3aa312063044ae413f9d28250b7def4516049ba5
WARNING: Failed to query the Pull Request last commit status for https://github.com/cb-kubecd/environment-pr-48-4-bdd-gke-staging/pull/1 ref 3aa312063044ae413f9d28250b7def4516049ba5 Could not find a status for repository cb-kubecd/environment-pr-48-4-bdd-gke-staging with ref 3aa312063044ae413f9d28250b7def4516049ba5
WARNING: Failed to query the Pull Request last commit status for https://github.com/cb-kubecd/environment-pr-48-4-bdd-gke-staging/pull/1 ref 3aa312063044ae413f9d28250b7def4516049ba5 Could not find a status for repository cb-kubecd/environment-pr-48-4-bdd-gke-staging with ref 3aa312063044ae413f9d28250b7def4516049ba5
WARNING: Failed to query the Pull Request last commit status for https://github.com/cb-kubecd/environment-pr-48-4-bdd-gke-staging/pull/1 ref 3aa312063044ae413f9d28250b7def4516049ba5 Could not find a status for repository cb-kubecd/environment-pr-48-4-bdd-gke-staging with ref 3aa312063044ae413f9d28250b7def4516049ba5
WARNING: Failed to query the Pull Request last commit status for https://github.com/cb-kubecd/environment-pr-48-4-bdd-gke-staging/pull/1 ref 3aa312063044ae413f9d28250b7def4516049ba5 Could not find a status for repository cb-kubecd/environment-pr-48-4-bdd-gke-staging with ref 3aa312063044ae413f9d28250b7def4516049ba5
WARNING: Failed to query the Pull Request last commit status for https://github.com/cb-kubecd/environment-pr-48-4-bdd-gke-staging/pull/1 ref 3aa312063044ae413f9d28250b7def4516049ba5 Could not find a status for repository cb-kubecd/environment-pr-48-4-bdd-gke-staging with ref 3aa312063044ae413f9d28250b7def4516049ba5
WARNING: Failed to query the Pull Request last commit status for https://github.com/cb-kubecd/environment-pr-48-4-bdd-gke-staging/pull/1 ref 3aa312063044ae413f9d28250b7def4516049ba5 Could not find a status for repository cb-kubecd/environment-pr-48-4-bdd-gke-staging with ref 3aa312063044ae413f9d28250b7def4516049ba5
WARNING: Failed to query the Pull Request last commit status for https://github.com/cb-kubecd/environment-pr-48-4-bdd-gke-staging/pull/1 ref 3aa312063044ae413f9d28250b7def4516049ba5 Could not find a status for repository cb-kubecd/environment-pr-48-4-bdd-gke-staging with ref 3aa312063044ae413f9d28250b7def4516049ba5
WARNING: Failed to query the Pull Request last commit status for https://github.com/cb-kubecd/environment-pr-48-4-bdd-gke-staging/pull/1 ref 3aa312063044ae413f9d28250b7def4516049ba5 Could not find a status for repository cb-kubecd/environment-pr-48-4-bdd-gke-staging with ref 3aa312063044ae413f9d28250b7def4516049ba5
WARNING: Failed to query the Pull Request last commit status for https://github.com/cb-kubecd/environment-pr-48-4-bdd-gke-staging/pull/1 ref 3aa312063044ae413f9d28250b7def4516049ba5 Could not find a status for repository cb-kubecd/environment-pr-48-4-bdd-gke-staging with ref 3aa312063044ae413f9d28250b7def4516049ba5
WARNING: Failed to query the Pull Request last commit status for https://github.com/cb-kubecd/environment-pr-48-4-bdd-gke-staging/pull/1 ref 3aa312063044ae413f9d28250b7def4516049ba5 Could not find a status for repository cb-kubecd/environment-pr-48-4-bdd-gke-staging with ref 3aa312063044ae413f9d28250b7def4516049ba5
WARNING: Failed to query the Pull Request last commit status for https://github.com/cb-kubecd/environment-pr-48-4-bdd-gke-staging/pull/1 ref 3aa312063044ae413f9d28250b7def4516049ba5 Could not find a status for repository cb-kubecd/environment-pr-48-4-bdd-gke-staging with ref 3aa312063044ae413f9d28250b7def4516049ba5
WARNING: Failed to query the Pull Request last commit status for https://github.com/cb-kubecd/environment-pr-48-4-bdd-gke-staging/pull/1 ref 3aa312063044ae413f9d28250b7def4516049ba5 Could not find a status for repository cb-kubecd/environment-pr-48-4-bdd-gke-staging with ref 3aa312063044ae413f9d28250b7def4516049ba5
WARNING: Failed to query the Pull Request last commit status for https://github.com/cb-kubecd/environment-pr-48-4-bdd-gke-staging/pull/1 ref 3aa312063044ae413f9d28250b7def4516049ba5 Could not find a status for repository cb-kubecd/environment-pr-48-4-bdd-gke-staging with ref 3aa312063044ae413f9d28250b7def4516049ba5
WARNING: Failed to query the Pull Request last commit status for https://github.com/cb-kubecd/environment-pr-48-4-bdd-gke-staging/pull/1 ref 3aa312063044ae413f9d28250b7def4516049ba5 Could not find a status for repository cb-kubecd/environment-pr-48-4-bdd-gke-staging with ref 3aa312063044ae413f9d28250b7def4516049ba5
WARNING: Failed to query the Pull Request last commit status for https://github.com/cb-kubecd/environment-pr-48-4-bdd-gke-staging/pull/1 ref 3aa312063044ae413f9d28250b7def4516049ba5 Could not find a status for repository cb-kubecd/environment-pr-48-4-bdd-gke-staging with ref 3aa312063044ae413f9d28250b7def4516049ba5
WARNING: Failed to query the Pull Request last commit status for https://github.com/cb-kubecd/environment-pr-48-4-bdd-gke-staging/pull/1 ref 3aa312063044ae413f9d28250b7def4516049ba5 Could not find a status for repository cb-kubecd/environment-pr-48-4-bdd-gke-staging with ref 3aa312063044ae413f9d28250b7def4516049ba5
WARNING: Failed to query the Pull Request last commit status for https://github.com/cb-kubecd/environment-pr-48-4-bdd-gke-staging/pull/1 ref 3aa312063044ae413f9d28250b7def4516049ba5 Could not find a status for repository cb-kubecd/environment-pr-48-4-bdd-gke-staging with ref 3aa312063044ae413f9d28250b7def4516049ba5
WARNING: Failed to query the Pull Request last commit status for https://github.com/cb-kubecd/environment-pr-48-4-bdd-gke-staging/pull/1 ref 3aa312063044ae413f9d28250b7def4516049ba5 Could not find a status for repository cb-kubecd/environment-pr-48-4-bdd-gke-staging with ref 3aa312063044ae413f9d28250b7def4516049ba5
WARNING: Failed to query the Pull Request last commit status for https://github.com/cb-kubecd/environment-pr-48-4-bdd-gke-staging/pull/1 ref 3aa312063044ae413f9d28250b7def4516049ba5 Could not find a status for repository cb-kubecd/environment-pr-48-4-bdd-gke-staging with ref 3aa312063044ae413f9d28250b7def4516049ba5
WARNING: Failed to query the Pull Request last commit status for https://github.com/cb-kubecd/environment-pr-48-4-bdd-gke-staging/pull/1 ref 3aa312063044ae413f9d28250b7def4516049ba5 Could not find a status for repository cb-kubecd/environment-pr-48-4-bdd-gke-staging with ref 3aa312063044ae413f9d28250b7def4516049ba5
WARNING: Failed to query the Pull Request last commit status for https://github.com/cb-kubecd/environment-pr-48-4-bdd-gke-staging/pull/1 ref 3aa312063044ae413f9d28250b7def4516049ba5 Could not find a status for repository cb-kubecd/environment-pr-48-4-bdd-gke-staging with ref 3aa312063044ae413f9d28250b7def4516049ba5
WARNING: Failed to query the Pull Request last commit status for https://github.com/cb-kubecd/environment-pr-48-4-bdd-gke-staging/pull/1 ref 3aa312063044ae413f9d28250b7def4516049ba5 Could not find a status for repository cb-kubecd/environment-pr-48-4-bdd-gke-staging with ref 3aa312063044ae413f9d28250b7def4516049ba5
WARNING: Failed to query the Pull Request last commit status for https://github.com/cb-kubecd/environment-pr-48-4-bdd-gke-staging/pull/1 ref 3aa312063044ae413f9d28250b7def4516049ba5 Could not find a status for repository cb-kubecd/environment-pr-48-4-bdd-gke-staging with ref 3aa312063044ae413f9d28250b7def4516049ba5
WARNING: Failed to query the Pull Request last commit status for https://github.com/cb-kubecd/environment-pr-48-4-bdd-gke-staging/pull/1 ref 3aa312063044ae413f9d28250b7def4516049ba5 Could not find a status for repository cb-kubecd/environment-pr-48-4-bdd-gke-staging with ref 3aa312063044ae413f9d28250b7def4516049ba5
WARNING: Failed to query the Pull Request last commit status for https://github.com/cb-kubecd/environment-pr-48-4-bdd-gke-staging/pull/1 ref 3aa312063044ae413f9d28250b7def4516049ba5 Could not find a status for repository cb-kubecd/environment-pr-48-4-bdd-gke-staging with ref 3aa312063044ae413f9d28250b7def4516049ba5
WARNING: Failed to query the Pull Request last commit status for https://github.com/cb-kubecd/environment-pr-48-4-bdd-gke-staging/pull/1 ref 3aa312063044ae413f9d28250b7def4516049ba5 Could not find a status for repository cb-kubecd/environment-pr-48-4-bdd-gke-staging with ref 3aa312063044ae413f9d28250b7def4516049ba5
WARNING: Failed to query the Pull Request last commit status for https://github.com/cb-kubecd/environment-pr-48-4-bdd-gke-staging/pull/1 ref 3aa312063044ae413f9d28250b7def4516049ba5 Could not find a status for repository cb-kubecd/environment-pr-48-4-bdd-gke-staging with ref 3aa312063044ae413f9d28250b7def4516049ba5
WARNING: Failed to query the Pull Request last commit status for https://github.com/cb-kubecd/environment-pr-48-4-bdd-gke-staging/pull/1 ref 3aa312063044ae413f9d28250b7def4516049ba5 Could not find a status for repository cb-kubecd/environment-pr-48-4-bdd-gke-staging with ref 3aa312063044ae413f9d28250b7def4516049ba5
WARNING: Failed to query the Pull Request last commit status for https://github.com/cb-kubecd/environment-pr-48-4-bdd-gke-staging/pull/1 ref 3aa312063044ae413f9d28250b7def4516049ba5 Could not find a status for repository cb-kubecd/environment-pr-48-4-bdd-gke-staging with ref 3aa312063044ae413f9d28250b7def4516049ba5
WARNING: Failed to query the Pull Request last commit status for https://github.com/cb-kubecd/environment-pr-48-4-bdd-gke-staging/pull/1 ref 3aa312063044ae413f9d28250b7def4516049ba5 Could not find a status for repository cb-kubecd/environment-pr-48-4-bdd-gke-staging with ref 3aa312063044ae413f9d28250b7def4516049ba5
WARNING: Failed to query the Pull Request last commit status for https://github.com/cb-kubecd/environment-pr-48-4-bdd-gke-staging/pull/1 ref 3aa312063044ae413f9d28250b7def4516049ba5 Could not find a status for repository cb-kubecd/environment-pr-48-4-bdd-gke-staging with ref 3aa312063044ae413f9d28250b7def4516049ba5
WARNING: Failed to query the Pull Request last commit status for https://github.com/cb-kubecd/environment-pr-48-4-bdd-gke-staging/pull/1 ref 3aa312063044ae413f9d28250b7def4516049ba5 Could not find a status for repository cb-kubecd/environment-pr-48-4-bdd-gke-staging with ref 3aa312063044ae413f9d28250b7def4516049ba5
WARNING: Failed to query the Pull Request last commit status for https://github.com/cb-kubecd/environment-pr-48-4-bdd-gke-staging/pull/1 ref 3aa312063044ae413f9d28250b7def4516049ba5 Could not find a status for repository cb-kubecd/environment-pr-48-4-bdd-gke-staging with ref 3aa312063044ae413f9d28250b7def4516049ba5
WARNING: Failed to query the Pull Request last commit status for https://github.com/cb-kubecd/environment-pr-48-4-bdd-gke-staging/pull/1 ref 3aa312063044ae413f9d28250b7def4516049ba5 Could not find a status for repository cb-kubecd/environment-pr-48-4-bdd-gke-staging with ref 3aa312063044ae413f9d28250b7def4516049ba5
WARNING: Failed to query the Pull Request last commit status for https://github.com/cb-kubecd/environment-pr-48-4-bdd-gke-staging/pull/1 ref 3aa312063044ae413f9d28250b7def4516049ba5 Could not find a status for repository cb-kubecd/environment-pr-48-4-bdd-gke-staging with ref 3aa312063044ae413f9d28250b7def4516049ba5
WARNING: Failed to query the Pull Request last commit status for https://github.com/cb-kubecd/environment-pr-48-4-bdd-gke-staging/pull/1 ref 3aa312063044ae413f9d28250b7def4516049ba5 Could not find a status for repository cb-kubecd/environment-pr-48-4-bdd-gke-staging with ref 3aa312063044ae413f9d28250b7def4516049ba5
WARNING: Failed to query the Pull Request last commit status for https://github.com/cb-kubecd/environment-pr-48-4-bdd-gke-staging/pull/1 ref 3aa312063044ae413f9d28250b7def4516049ba5 Could not find a status for repository cb-kubecd/environment-pr-48-4-bdd-gke-staging with ref 3aa312063044ae413f9d28250b7def4516049ba5
WARNING: Failed to query the Pull Request last commit status for https://github.com/cb-kubecd/environment-pr-48-4-bdd-gke-staging/pull/1 ref 3aa312063044ae413f9d28250b7def4516049ba5 Could not find a status for repository cb-kubecd/environment-pr-48-4-bdd-gke-staging with ref 3aa312063044ae413f9d28250b7def4516049ba5
WARNING: Failed to query the Pull Request last commit status for https://github.com/cb-kubecd/environment-pr-48-4-bdd-gke-staging/pull/1 ref 3aa312063044ae413f9d28250b7def4516049ba5 Could not find a status for repository cb-kubecd/environment-pr-48-4-bdd-gke-staging with ref 3aa312063044ae413f9d28250b7def4516049ba5
WARNING: Failed to query the Pull Request last commit status for https://github.com/cb-kubecd/environment-pr-48-4-bdd-gke-staging/pull/1 ref 3aa312063044ae413f9d28250b7def4516049ba5 Could not find a status for repository cb-kubecd/environment-pr-48-4-bdd-gke-staging with ref 3aa312063044ae413f9d28250b7def4516049ba5
WARNING: Failed to query the Pull Request last commit status for https://github.com/cb-kubecd/environment-pr-48-4-bdd-gke-staging/pull/1 ref 3aa312063044ae413f9d28250b7def4516049ba5 Could not find a status for repository cb-kubecd/environment-pr-48-4-bdd-gke-staging with ref 3aa312063044ae413f9d28250b7def4516049ba5
WARNING: Failed to query the Pull Request last commit status for https://github.com/cb-kubecd/environment-pr-48-4-bdd-gke-staging/pull/1 ref 3aa312063044ae413f9d28250b7def4516049ba5 Could not find a status for repository cb-kubecd/environment-pr-48-4-bdd-gke-staging with ref 3aa312063044ae413f9d28250b7def4516049ba5
WARNING: Failed to query the Pull Request last commit status for https://github.com/cb-kubecd/environment-pr-48-4-bdd-gke-staging/pull/1 ref 3aa312063044ae413f9d28250b7def4516049ba5 Could not find a status for repository cb-kubecd/environment-pr-48-4-bdd-gke-staging with ref 3aa312063044ae413f9d28250b7def4516049ba5
WARNING: Failed to query the Pull Request last commit status for https://github.com/cb-kubecd/environment-pr-48-4-bdd-gke-staging/pull/1 ref 3aa312063044ae413f9d28250b7def4516049ba5 Could not find a status for repository cb-kubecd/environment-pr-48-4-bdd-gke-staging with ref 3aa312063044ae413f9d28250b7def4516049ba5
WARNING: Failed to query the Pull Request last commit status for https://github.com/cb-kubecd/environment-pr-48-4-bdd-gke-staging/pull/1 ref 3aa312063044ae413f9d28250b7def4516049ba5 Could not find a status for repository cb-kubecd/environment-pr-48-4-bdd-gke-staging with ref 3aa312063044ae413f9d28250b7def4516049ba5
WARNING: Failed to query the Pull Request last commit status for https://github.com/cb-kubecd/environment-pr-48-4-bdd-gke-staging/pull/1 ref 3aa312063044ae413f9d28250b7def4516049ba5 Could not find a status for repository cb-kubecd/environment-pr-48-4-bdd-gke-staging with ref 3aa312063044ae413f9d28250b7def4516049ba5
WARNING: Failed to query the Pull Request last commit status for https://github.com/cb-kubecd/environment-pr-48-4-bdd-gke-staging/pull/1 ref 3aa312063044ae413f9d28250b7def4516049ba5 Could not find a status for repository cb-kubecd/environment-pr-48-4-bdd-gke-staging with ref 3aa312063044ae413f9d28250b7def4516049ba5
WARNING: Failed to query the Pull Request last commit status for https://github.com/cb-kubecd/environment-pr-48-4-bdd-gke-staging/pull/1 ref 3aa312063044ae413f9d28250b7def4516049ba5 Could not find a status for repository cb-kubecd/environment-pr-48-4-bdd-gke-staging with ref 3aa312063044ae413f9d28250b7def4516049ba5
WARNING: Failed to query the Pull Request last commit status for https://github.com/cb-kubecd/environment-pr-48-4-bdd-gke-staging/pull/1 ref 3aa312063044ae413f9d28250b7def4516049ba5 Could not find a status for repository cb-kubecd/environment-pr-48-4-bdd-gke-staging with ref 3aa312063044ae413f9d28250b7def4516049ba5
WARNING: Failed to query the Pull Request last commit status for https://github.com/cb-kubecd/environment-pr-48-4-bdd-gke-staging/pull/1 ref 3aa312063044ae413f9d28250b7def4516049ba5 Could not find a status for repository cb-kubecd/environment-pr-48-4-bdd-gke-staging with ref 3aa312063044ae413f9d28250b7def4516049ba5
WARNING: Failed to query the Pull Request last commit status for https://github.com/cb-kubecd/environment-pr-48-4-bdd-gke-staging/pull/1 ref 3aa312063044ae413f9d28250b7def4516049ba5 Could not find a status for repository cb-kubecd/environment-pr-48-4-bdd-gke-staging with ref 3aa312063044ae413f9d28250b7def4516049ba5
WARNING: Failed to query the Pull Request last commit status for https://github.com/cb-kubecd/environment-pr-48-4-bdd-gke-staging/pull/1 ref 3aa312063044ae413f9d28250b7def4516049ba5 Could not find a status for repository cb-kubecd/environment-pr-48-4-bdd-gke-staging with ref 3aa312063044ae413f9d28250b7def4516049ba5
WARNING: Failed to query the Pull Request last commit status for https://github.com/cb-kubecd/environment-pr-48-4-bdd-gke-staging/pull/1 ref 3aa312063044ae413f9d28250b7def4516049ba5 Could not find a status for repository cb-kubecd/environment-pr-48-4-bdd-gke-staging with ref 3aa312063044ae413f9d28250b7def4516049ba5
WARNING: Failed to query the Pull Request last commit status for https://github.com/cb-kubecd/environment-pr-48-4-bdd-gke-staging/pull/1 ref 3aa312063044ae413f9d28250b7def4516049ba5 Could not find a status for repository cb-kubecd/environment-pr-48-4-bdd-gke-staging with ref 3aa312063044ae413f9d28250b7def4516049ba5
WARNING: Failed to query the Pull Request last commit status for https://github.com/cb-kubecd/environment-pr-48-4-bdd-gke-staging/pull/1 ref 3aa312063044ae413f9d28250b7def4516049ba5 Could not find a status for repository cb-kubecd/environment-pr-48-4-bdd-gke-staging with ref 3aa312063044ae413f9d28250b7def4516049ba5
WARNING: Failed to query the Pull Request last commit status for https://github.com/cb-kubecd/environment-pr-48-4-bdd-gke-staging/pull/1 ref 3aa312063044ae413f9d28250b7def4516049ba5 Could not find a status for repository cb-kubecd/environment-pr-48-4-bdd-gke-staging with ref 3aa312063044ae413f9d28250b7def4516049ba5
WARNING: Failed to query the Pull Request last commit status for https://github.com/cb-kubecd/environment-pr-48-4-bdd-gke-staging/pull/1 ref 3aa312063044ae413f9d28250b7def4516049ba5 Could not find a status for repository cb-kubecd/environment-pr-48-4-bdd-gke-staging with ref 3aa312063044ae413f9d28250b7def4516049ba5
WARNING: Failed to query the Pull Request last commit status for https://github.com/cb-kubecd/environment-pr-48-4-bdd-gke-staging/pull/1 ref 3aa312063044ae413f9d28250b7def4516049ba5 Could not find a status for repository cb-kubecd/environment-pr-48-4-bdd-gke-staging with ref 3aa312063044ae413f9d28250b7def4516049ba5
WARNING: Failed to query the Pull Request last commit status for https://github.com/cb-kubecd/environment-pr-48-4-bdd-gke-staging/pull/1 ref 3aa312063044ae413f9d28250b7def4516049ba5 Could not find a status for repository cb-kubecd/environment-pr-48-4-bdd-gke-staging with ref 3aa312063044ae413f9d28250b7def4516049ba5
WARNING: Failed to query the Pull Request last commit status for https://github.com/cb-kubecd/environment-pr-48-4-bdd-gke-staging/pull/1 ref 3aa312063044ae413f9d28250b7def4516049ba5 Could not find a status for repository cb-kubecd/environment-pr-48-4-bdd-gke-staging with ref 3aa312063044ae413f9d28250b7def4516049ba5
WARNING: Failed to query the Pull Request last commit status for https://github.com/cb-kubecd/environment-pr-48-4-bdd-gke-staging/pull/1 ref 3aa312063044ae413f9d28250b7def4516049ba5 Could not find a status for repository cb-kubecd/environment-pr-48-4-bdd-gke-staging with ref 3aa312063044ae413f9d28250b7def4516049ba5
WARNING: Failed to query the Pull Request last commit status for https://github.com/cb-kubecd/environment-pr-48-4-bdd-gke-staging/pull/1 ref 3aa312063044ae413f9d28250b7def4516049ba5 Could not find a status for repository cb-kubecd/environment-pr-48-4-bdd-gke-staging with ref 3aa312063044ae413f9d28250b7def4516049ba5
WARNING: Failed to query the Pull Request last commit status for https://github.com/cb-kubecd/environment-pr-48-4-bdd-gke-staging/pull/1 ref 3aa312063044ae413f9d28250b7def4516049ba5 Could not find a status for repository cb-kubecd/environment-pr-48-4-bdd-gke-staging with ref 3aa312063044ae413f9d28250b7def4516049ba5
WARNING: Failed to query the Pull Request last commit status for https://github.com/cb-kubecd/environment-pr-48-4-bdd-gke-staging/pull/1 ref 3aa312063044ae413f9d28250b7def4516049ba5 Could not find a status for repository cb-kubecd/environment-pr-48-4-bdd-gke-staging with ref 3aa312063044ae413f9d28250b7def4516049ba5
WARNING: Failed to query the Pull Request last commit status for https://github.com/cb-kubecd/environment-pr-48-4-bdd-gke-staging/pull/1 ref 3aa312063044ae413f9d28250b7def4516049ba5 Could not find a status for repository cb-kubecd/environment-pr-48-4-bdd-gke-staging with ref 3aa312063044ae413f9d28250b7def4516049ba5
WARNING: Failed to query the Pull Request last commit status for https://github.com/cb-kubecd/environment-pr-48-4-bdd-gke-staging/pull/1 ref 3aa312063044ae413f9d28250b7def4516049ba5 Could not find a status for repository cb-kubecd/environment-pr-48-4-bdd-gke-staging with ref 3aa312063044ae413f9d28250b7def4516049ba5
WARNING: Failed to query the Pull Request last commit status for https://github.com/cb-kubecd/environment-pr-48-4-bdd-gke-staging/pull/1 ref 3aa312063044ae413f9d28250b7def4516049ba5 Could not find a status for repository cb-kubecd/environment-pr-48-4-bdd-gke-staging with ref 3aa312063044ae413f9d28250b7def4516049ba5
WARNING: Failed to query the Pull Request last commit status for https://github.com/cb-kubecd/environment-pr-48-4-bdd-gke-staging/pull/1 ref 3aa312063044ae413f9d28250b7def4516049ba5 Could not find a status for repository cb-kubecd/environment-pr-48-4-bdd-gke-staging with ref 3aa312063044ae413f9d28250b7def4516049ba5
WARNING: Failed to query the Pull Request last commit status for https://github.com/cb-kubecd/environment-pr-48-4-bdd-gke-staging/pull/1 ref 3aa312063044ae413f9d28250b7def4516049ba5 Could not find a status for repository cb-kubecd/environment-pr-48-4-bdd-gke-staging with ref 3aa312063044ae413f9d28250b7def4516049ba5
WARNING: Failed to query the Pull Request last commit status for https://github.com/cb-kubecd/environment-pr-48-4-bdd-gke-staging/pull/1 ref 3aa312063044ae413f9d28250b7def4516049ba5 Could not find a status for repository cb-kubecd/environment-pr-48-4-bdd-gke-staging with ref 3aa312063044ae413f9d28250b7def4516049ba5
WARNING: Failed to query the Pull Request last commit status for https://github.com/cb-kubecd/environment-pr-48-4-bdd-gke-staging/pull/1 ref 3aa312063044ae413f9d28250b7def4516049ba5 Could not find a status for repository cb-kubecd/environment-pr-48-4-bdd-gke-staging with ref 3aa312063044ae413f9d28250b7def4516049ba5
WARNING: Failed to query the Pull Request last commit status for https://github.com/cb-kubecd/environment-pr-48-4-bdd-gke-staging/pull/1 ref 3aa312063044ae413f9d28250b7def4516049ba5 Could not find a status for repository cb-kubecd/environment-pr-48-4-bdd-gke-staging with ref 3aa312063044ae413f9d28250b7def4516049ba5
WARNING: Failed to query the Pull Request last commit status for https://github.com/cb-kubecd/environment-pr-48-4-bdd-gke-staging/pull/1 ref 3aa312063044ae413f9d28250b7def4516049ba5 Could not find a status for repository cb-kubecd/environment-pr-48-4-bdd-gke-staging with ref 3aa312063044ae413f9d28250b7def4516049ba5
WARNING: Failed to query the Pull Request last commit status for https://github.com/cb-kubecd/environment-pr-48-4-bdd-gke-staging/pull/1 ref 3aa312063044ae413f9d28250b7def4516049ba5 Could not find a status for repository cb-kubecd/environment-pr-48-4-bdd-gke-staging with ref 3aa312063044ae413f9d28250b7def4516049ba5
WARNING: Failed to query the Pull Request last commit status for https://github.com/cb-kubecd/environment-pr-48-4-bdd-gke-staging/pull/1 ref 3aa312063044ae413f9d28250b7def4516049ba5 Could not find a status for repository cb-kubecd/environment-pr-48-4-bdd-gke-staging with ref 3aa312063044ae413f9d28250b7def4516049ba5
WARNING: Failed to query the Pull Request last commit status for https://github.com/cb-kubecd/environment-pr-48-4-bdd-gke-staging/pull/1 ref 3aa312063044ae413f9d28250b7def4516049ba5 Could not find a status for repository cb-kubecd/environment-pr-48-4-bdd-gke-staging with ref 3aa312063044ae413f9d28250b7def4516049ba5
WARNING: Failed to query the Pull Request last commit status for https://github.com/cb-kubecd/environment-pr-48-4-bdd-gke-staging/pull/1 ref 3aa312063044ae413f9d28250b7def4516049ba5 Could not find a status for repository cb-kubecd/environment-pr-48-4-bdd-gke-staging with ref 3aa312063044ae413f9d28250b7def4516049ba5
WARNING: Failed to query the Pull Request last commit status for https://github.com/cb-kubecd/environment-pr-48-4-bdd-gke-staging/pull/1 ref 3aa312063044ae413f9d28250b7def4516049ba5 Could not find a status for repository cb-kubecd/environment-pr-48-4-bdd-gke-staging with ref 3aa312063044ae413f9d28250b7def4516049ba5
WARNING: Failed to query the Pull Request last commit status for https://github.com/cb-kubecd/environment-pr-48-4-bdd-gke-staging/pull/1 ref 3aa312063044ae413f9d28250b7def4516049ba5 Could not find a status for repository cb-kubecd/environment-pr-48-4-bdd-gke-staging with ref 3aa312063044ae413f9d28250b7def4516049ba5
WARNING: Failed to query the Pull Request last commit status for https://github.com/cb-kubecd/environment-pr-48-4-bdd-gke-staging/pull/1 ref 3aa312063044ae413f9d28250b7def4516049ba5 Could not find a status for repository cb-kubecd/environment-pr-48-4-bdd-gke-staging with ref 3aa312063044ae413f9d28250b7def4516049ba5
WARNING: Failed to query the Pull Request last commit status for https://github.com/cb-kubecd/environment-pr-48-4-bdd-gke-staging/pull/1 ref 3aa312063044ae413f9d28250b7def4516049ba5 Could not find a status for repository cb-kubecd/environment-pr-48-4-bdd-gke-staging with ref 3aa312063044ae413f9d28250b7def4516049ba5
WARNING: Failed to query the Pull Request last commit status for https://github.com/cb-kubecd/environment-pr-48-4-bdd-gke-staging/pull/1 ref 3aa312063044ae413f9d28250b7def4516049ba5 Could not find a status for repository cb-kubecd/environment-pr-48-4-bdd-gke-staging with ref 3aa312063044ae413f9d28250b7def4516049ba5
WARNING: Failed to query the Pull Request last commit status for https://github.com/cb-kubecd/environment-pr-48-4-bdd-gke-staging/pull/1 ref 3aa312063044ae413f9d28250b7def4516049ba5 Could not find a status for repository cb-kubecd/environment-pr-48-4-bdd-gke-staging with ref 3aa312063044ae413f9d28250b7def4516049ba5
WARNING: Failed to query the Pull Request last commit status for https://github.com/cb-kubecd/environment-pr-48-4-bdd-gke-staging/pull/1 ref 3aa312063044ae413f9d28250b7def4516049ba5 Could not find a status for repository cb-kubecd/environment-pr-48-4-bdd-gke-staging with ref 3aa312063044ae413f9d28250b7def4516049ba5
WARNING: Failed to query the Pull Request last commit status for https://github.com/cb-kubecd/environment-pr-48-4-bdd-gke-staging/pull/1 ref 3aa312063044ae413f9d28250b7def4516049ba5 Could not find a status for repository cb-kubecd/environment-pr-48-4-bdd-gke-staging with ref 3aa312063044ae413f9d28250b7def4516049ba5
WARNING: Failed to query the Pull Request last commit status for https://github.com/cb-kubecd/environment-pr-48-4-bdd-gke-staging/pull/1 ref 3aa312063044ae413f9d28250b7def4516049ba5 Could not find a status for repository cb-kubecd/environment-pr-48-4-bdd-gke-staging with ref 3aa312063044ae413f9d28250b7def4516049ba5
WARNING: Failed to query the Pull Request last commit status for https://github.com/cb-kubecd/environment-pr-48-4-bdd-gke-staging/pull/1 ref 3aa312063044ae413f9d28250b7def4516049ba5 Could not find a status for repository cb-kubecd/environment-pr-48-4-bdd-gke-staging with ref 3aa312063044ae413f9d28250b7def4516049ba5
WARNING: Failed to query the Pull Request last commit status for https://github.com/cb-kubecd/environment-pr-48-4-bdd-gke-staging/pull/1 ref 3aa312063044ae413f9d28250b7def4516049ba5 Could not find a status for repository cb-kubecd/environment-pr-48-4-bdd-gke-staging with ref 3aa312063044ae413f9d28250b7def4516049ba5
WARNING: Failed to query the Pull Request last commit status for https://github.com/cb-kubecd/environment-pr-48-4-bdd-gke-staging/pull/1 ref 3aa312063044ae413f9d28250b7def4516049ba5 Could not find a status for repository cb-kubecd/environment-pr-48-4-bdd-gke-staging with ref 3aa312063044ae413f9d28250b7def4516049ba5
WARNING: Failed to query the Pull Request last commit status for https://github.com/cb-kubecd/environment-pr-48-4-bdd-gke-staging/pull/1 ref 3aa312063044ae413f9d28250b7def4516049ba5 Could not find a status for repository cb-kubecd/environment-pr-48-4-bdd-gke-staging with ref 3aa312063044ae413f9d28250b7def4516049ba5
WARNING: Failed to query the Pull Request last commit status for https://github.com/cb-kubecd/environment-pr-48-4-bdd-gke-staging/pull/1 ref 3aa312063044ae413f9d28250b7def4516049ba5 Could not find a status for repository cb-kubecd/environment-pr-48-4-bdd-gke-staging with ref 3aa312063044ae413f9d28250b7def4516049ba5
WARNING: Failed to query the Pull Request last commit status for https://github.com/cb-kubecd/environment-pr-48-4-bdd-gke-staging/pull/1 ref 3aa312063044ae413f9d28250b7def4516049ba5 Could not find a status for repository cb-kubecd/environment-pr-48-4-bdd-gke-staging with ref 3aa312063044ae413f9d28250b7def4516049ba5
WARNING: Failed to query the Pull Request last commit status for https://github.com/cb-kubecd/environment-pr-48-4-bdd-gke-staging/pull/1 ref 3aa312063044ae413f9d28250b7def4516049ba5 Could not find a status for repository cb-kubecd/environment-pr-48-4-bdd-gke-staging with ref 3aa312063044ae413f9d28250b7def4516049ba5
WARNING: Failed to query the Pull Request last commit status for https://github.com/cb-kubecd/environment-pr-48-4-bdd-gke-staging/pull/1 ref 3aa312063044ae413f9d28250b7def4516049ba5 Could not find a status for repository cb-kubecd/environment-pr-48-4-bdd-gke-staging with ref 3aa312063044ae413f9d28250b7def4516049ba5
WARNING: Failed to query the Pull Request last commit status for https://github.com/cb-kubecd/environment-pr-48-4-bdd-gke-staging/pull/1 ref 3aa312063044ae413f9d28250b7def4516049ba5 Could not find a status for repository cb-kubecd/environment-pr-48-4-bdd-gke-staging with ref 3aa312063044ae413f9d28250b7def4516049ba5
WARNING: Failed to query the Pull Request last commit status for https://github.com/cb-kubecd/environment-pr-48-4-bdd-gke-staging/pull/1 ref 3aa312063044ae413f9d28250b7def4516049ba5 Could not find a status for repository cb-kubecd/environment-pr-48-4-bdd-gke-staging with ref 3aa312063044ae413f9d28250b7def4516049ba5
WARNING: Failed to query the Pull Request last commit status for https://github.com/cb-kubecd/environment-pr-48-4-bdd-gke-staging/pull/1 ref 3aa312063044ae413f9d28250b7def4516049ba5 Could not find a status for repository cb-kubecd/environment-pr-48-4-bdd-gke-staging with ref 3aa312063044ae413f9d28250b7def4516049ba5
WARNING: Failed to query the Pull Request last commit status for https://github.com/cb-kubecd/environment-pr-48-4-bdd-gke-staging/pull/1 ref 3aa312063044ae413f9d28250b7def4516049ba5 Could not find a status for repository cb-kubecd/environment-pr-48-4-bdd-gke-staging with ref 3aa312063044ae413f9d28250b7def4516049ba5
WARNING: Failed to query the Pull Request last commit status for https://github.com/cb-kubecd/environment-pr-48-4-bdd-gke-staging/pull/1 ref 3aa312063044ae413f9d28250b7def4516049ba5 Could not find a status for repository cb-kubecd/environment-pr-48-4-bdd-gke-staging with ref 3aa312063044ae413f9d28250b7def4516049ba5
WARNING: Failed to query the Pull Request last commit status for https://github.com/cb-kubecd/environment-pr-48-4-bdd-gke-staging/pull/1 ref 3aa312063044ae413f9d28250b7def4516049ba5 Could not find a status for repository cb-kubecd/environment-pr-48-4-bdd-gke-staging with ref 3aa312063044ae413f9d28250b7def4516049ba5
WARNING: Failed to query the Pull Request last commit status for https://github.com/cb-kubecd/environment-pr-48-4-bdd-gke-staging/pull/1 ref 3aa312063044ae413f9d28250b7def4516049ba5 Could not find a status for repository cb-kubecd/environment-pr-48-4-bdd-gke-staging with ref 3aa312063044ae413f9d28250b7def4516049ba5
WARNING: Failed to query the Pull Request last commit status for https://github.com/cb-kubecd/environment-pr-48-4-bdd-gke-staging/pull/1 ref 3aa312063044ae413f9d28250b7def4516049ba5 Could not find a status for repository cb-kubecd/environment-pr-48-4-bdd-gke-staging with ref 3aa312063044ae413f9d28250b7def4516049ba5
WARNING: Failed to query the Pull Request last commit status for https://github.com/cb-kubecd/environment-pr-48-4-bdd-gke-staging/pull/1 ref 3aa312063044ae413f9d28250b7def4516049ba5 Could not find a status for repository cb-kubecd/environment-pr-48-4-bdd-gke-staging with ref 3aa312063044ae413f9d28250b7def4516049ba5
WARNING: Failed to query the Pull Request last commit status for https://github.com/cb-kubecd/environment-pr-48-4-bdd-gke-staging/pull/1 ref 3aa312063044ae413f9d28250b7def4516049ba5 Could not find a status for repository cb-kubecd/environment-pr-48-4-bdd-gke-staging with ref 3aa312063044ae413f9d28250b7def4516049ba5
WARNING: Failed to query the Pull Request last commit status for https://github.com/cb-kubecd/environment-pr-48-4-bdd-gke-staging/pull/1 ref 3aa312063044ae413f9d28250b7def4516049ba5 Could not find a status for repository cb-kubecd/environment-pr-48-4-bdd-gke-staging with ref 3aa312063044ae413f9d28250b7def4516049ba5
WARNING: Failed to query the Pull Request last commit status for https://github.com/cb-kubecd/environment-pr-48-4-bdd-gke-staging/pull/1 ref 3aa312063044ae413f9d28250b7def4516049ba5 Could not find a status for repository cb-kubecd/environment-pr-48-4-bdd-gke-staging with ref 3aa312063044ae413f9d28250b7def4516049ba5
WARNING: Failed to query the Pull Request last commit status for https://github.com/cb-kubecd/environment-pr-48-4-bdd-gke-staging/pull/1 ref 3aa312063044ae413f9d28250b7def4516049ba5 Could not find a status for repository cb-kubecd/environment-pr-48-4-bdd-gke-staging with ref 3aa312063044ae413f9d28250b7def4516049ba5
WARNING: Failed to query the Pull Request last commit status for https://github.com/cb-kubecd/environment-pr-48-4-bdd-gke-staging/pull/1 ref 3aa312063044ae413f9d28250b7def4516049ba5 Could not find a status for repository cb-kubecd/environment-pr-48-4-bdd-gke-staging with ref 3aa312063044ae413f9d28250b7def4516049ba5
WARNING: Failed to query the Pull Request last commit status for https://github.com/cb-kubecd/environment-pr-48-4-bdd-gke-staging/pull/1 ref 3aa312063044ae413f9d28250b7def4516049ba5 Could not find a status for repository cb-kubecd/environment-pr-48-4-bdd-gke-staging with ref 3aa312063044ae413f9d28250b7def4516049ba5
WARNING: Failed to query the Pull Request last commit status for https://github.com/cb-kubecd/environment-pr-48-4-bdd-gke-staging/pull/1 ref 3aa312063044ae413f9d28250b7def4516049ba5 Could not find a status for repository cb-kubecd/environment-pr-48-4-bdd-gke-staging with ref 3aa312063044ae413f9d28250b7def4516049ba5
WARNING: Failed to query the Pull Request last commit status for https://github.com/cb-kubecd/environment-pr-48-4-bdd-gke-staging/pull/1 ref 3aa312063044ae413f9d28250b7def4516049ba5 Could not find a status for repository cb-kubecd/environment-pr-48-4-bdd-gke-staging with ref 3aa312063044ae413f9d28250b7def4516049ba5
WARNING: Failed to query the Pull Request last commit status for https://github.com/cb-kubecd/environment-pr-48-4-bdd-gke-staging/pull/1 ref 3aa312063044ae413f9d28250b7def4516049ba5 Could not find a status for repository cb-kubecd/environment-pr-48-4-bdd-gke-staging with ref 3aa312063044ae413f9d28250b7def4516049ba5
WARNING: Failed to query the Pull Request last commit status for https://github.com/cb-kubecd/environment-pr-48-4-bdd-gke-staging/pull/1 ref 3aa312063044ae413f9d28250b7def4516049ba5 Could not find a status for repository cb-kubecd/environment-pr-48-4-bdd-gke-staging with ref 3aa312063044ae413f9d28250b7def4516049ba5
WARNING: Failed to query the Pull Request last commit status for https://github.com/cb-kubecd/environment-pr-48-4-bdd-gke-staging/pull/1 ref 3aa312063044ae413f9d28250b7def4516049ba5 Could not find a status for repository cb-kubecd/environment-pr-48-4-bdd-gke-staging with ref 3aa312063044ae413f9d28250b7def4516049ba5
WARNING: Failed to query the Pull Request last commit status for https://github.com/cb-kubecd/environment-pr-48-4-bdd-gke-staging/pull/1 ref 3aa312063044ae413f9d28250b7def4516049ba5 Could not find a status for repository cb-kubecd/environment-pr-48-4-bdd-gke-staging with ref 3aa312063044ae413f9d28250b7def4516049ba5
WARNING: Failed to query the Pull Request last commit status for https://github.com/cb-kubecd/environment-pr-48-4-bdd-gke-staging/pull/1 ref 3aa312063044ae413f9d28250b7def4516049ba5 Could not find a status for repository cb-kubecd/environment-pr-48-4-bdd-gke-staging with ref 3aa312063044ae413f9d28250b7def4516049ba5
WARNING: Failed to query the Pull Request last commit status for https://github.com/cb-kubecd/environment-pr-48-4-bdd-gke-staging/pull/1 ref 3aa312063044ae413f9d28250b7def4516049ba5 Could not find a status for repository cb-kubecd/environment-pr-48-4-bdd-gke-staging with ref 3aa312063044ae413f9d28250b7def4516049ba5
WARNING: Failed to query the Pull Request last commit status for https://github.com/cb-kubecd/environment-pr-48-4-bdd-gke-staging/pull/1 ref 3aa312063044ae413f9d28250b7def4516049ba5 Could not find a status for repository cb-kubecd/environment-pr-48-4-bdd-gke-staging with ref 3aa312063044ae413f9d28250b7def4516049ba5
WARNING: Failed to query the Pull Request last commit status for https://github.com/cb-kubecd/environment-pr-48-4-bdd-gke-staging/pull/1 ref 3aa312063044ae413f9d28250b7def4516049ba5 Could not find a status for repository cb-kubecd/environment-pr-48-4-bdd-gke-staging with ref 3aa312063044ae413f9d28250b7def4516049ba5
WARNING: Failed to query the Pull Request last commit status for https://github.com/cb-kubecd/environment-pr-48-4-bdd-gke-staging/pull/1 ref 3aa312063044ae413f9d28250b7def4516049ba5 Could not find a status for repository cb-kubecd/environment-pr-48-4-bdd-gke-staging with ref 3aa312063044ae413f9d28250b7def4516049ba5
WARNING: Failed to query the Pull Request last commit status for https://github.com/cb-kubecd/environment-pr-48-4-bdd-gke-staging/pull/1 ref 3aa312063044ae413f9d28250b7def4516049ba5 Could not find a status for repository cb-kubecd/environment-pr-48-4-bdd-gke-staging with ref 3aa312063044ae413f9d28250b7def4516049ba5
WARNING: Failed to query the Pull Request last commit status for https://github.com/cb-kubecd/environment-pr-48-4-bdd-gke-staging/pull/1 ref 3aa312063044ae413f9d28250b7def4516049ba5 Could not find a status for repository cb-kubecd/environment-pr-48-4-bdd-gke-staging with ref 3aa312063044ae413f9d28250b7def4516049ba5
WARNING: Failed to query the Pull Request last commit status for https://github.com/cb-kubecd/environment-pr-48-4-bdd-gke-staging/pull/1 ref 3aa312063044ae413f9d28250b7def4516049ba5 Could not find a status for repository cb-kubecd/environment-pr-48-4-bdd-gke-staging with ref 3aa312063044ae413f9d28250b7def4516049ba5
WARNING: Failed to query the Pull Request last commit status for https://github.com/cb-kubecd/environment-pr-48-4-bdd-gke-staging/pull/1 ref 3aa312063044ae413f9d28250b7def4516049ba5 Could not find a status for repository cb-kubecd/environment-pr-48-4-bdd-gke-staging with ref 3aa312063044ae413f9d28250b7def4516049ba5
WARNING: Failed to query the Pull Request last commit status for https://github.com/cb-kubecd/environment-pr-48-4-bdd-gke-staging/pull/1 ref 3aa312063044ae413f9d28250b7def4516049ba5 Could not find a status for repository cb-kubecd/environment-pr-48-4-bdd-gke-staging with ref 3aa312063044ae413f9d28250b7def4516049ba5
WARNING: Failed to query the Pull Request last commit status for https://github.com/cb-kubecd/environment-pr-48-4-bdd-gke-staging/pull/1 ref 3aa312063044ae413f9d28250b7def4516049ba5 Could not find a status for repository cb-kubecd/environment-pr-48-4-bdd-gke-staging with ref 3aa312063044ae413f9d28250b7def4516049ba5
WARNING: Failed to query the Pull Request last commit status for https://github.com/cb-kubecd/environment-pr-48-4-bdd-gke-staging/pull/1 ref 3aa312063044ae413f9d28250b7def4516049ba5 Could not find a status for repository cb-kubecd/environment-pr-48-4-bdd-gke-staging with ref 3aa312063044ae413f9d28250b7def4516049ba5
WARNING: Failed to query the Pull Request last commit status for https://github.com/cb-kubecd/environment-pr-48-4-bdd-gke-staging/pull/1 ref 3aa312063044ae413f9d28250b7def4516049ba5 Could not find a status for repository cb-kubecd/environment-pr-48-4-bdd-gke-staging with ref 3aa312063044ae413f9d28250b7def4516049ba5
WARNING: Failed to query the Pull Request last commit status for https://github.com/cb-kubecd/environment-pr-48-4-bdd-gke-staging/pull/1 ref 3aa312063044ae413f9d28250b7def4516049ba5 Could not find a status for repository cb-kubecd/environment-pr-48-4-bdd-gke-staging with ref 3aa312063044ae413f9d28250b7def4516049ba5
WARNING: Failed to query the Pull Request last commit status for https://github.com/cb-kubecd/environment-pr-48-4-bdd-gke-staging/pull/1 ref 3aa312063044ae413f9d28250b7def4516049ba5 Could not find a status for repository cb-kubecd/environment-pr-48-4-bdd-gke-staging with ref 3aa312063044ae413f9d28250b7def4516049ba5
WARNING: Failed to query the Pull Request last commit status for https://github.com/cb-kubecd/environment-pr-48-4-bdd-gke-staging/pull/1 ref 3aa312063044ae413f9d28250b7def4516049ba5 Could not find a status for repository cb-kubecd/environment-pr-48-4-bdd-gke-staging with ref 3aa312063044ae413f9d28250b7def4516049ba5
WARNING: Failed to query the Pull Request last commit status for https://github.com/cb-kubecd/environment-pr-48-4-bdd-gke-staging/pull/1 ref 3aa312063044ae413f9d28250b7def4516049ba5 Could not find a status for repository cb-kubecd/environment-pr-48-4-bdd-gke-staging with ref 3aa312063044ae413f9d28250b7def4516049ba5
WARNING: Failed to query the Pull Request last commit status for https://github.com/cb-kubecd/environment-pr-48-4-bdd-gke-staging/pull/1 ref 3aa312063044ae413f9d28250b7def4516049ba5 Could not find a status for repository cb-kubecd/environment-pr-48-4-bdd-gke-staging with ref 3aa312063044ae413f9d28250b7def4516049ba5
WARNING: Failed to query the Pull Request last commit status for https://github.com/cb-kubecd/environment-pr-48-4-bdd-gke-staging/pull/1 ref 3aa312063044ae413f9d28250b7def4516049ba5 Could not find a status for repository cb-kubecd/environment-pr-48-4-bdd-gke-staging with ref 3aa312063044ae413f9d28250b7def4516049ba5
WARNING: Failed to query the Pull Request last commit status for https://github.com/cb-kubecd/environment-pr-48-4-bdd-gke-staging/pull/1 ref 3aa312063044ae413f9d28250b7def4516049ba5 Could not find a status for repository cb-kubecd/environment-pr-48-4-bdd-gke-staging with ref 3aa312063044ae413f9d28250b7def4516049ba5
WARNING: Failed to query the Pull Request last commit status for https://github.com/cb-kubecd/environment-pr-48-4-bdd-gke-staging/pull/1 ref 3aa312063044ae413f9d28250b7def4516049ba5 Could not find a status for repository cb-kubecd/environment-pr-48-4-bdd-gke-staging with ref 3aa312063044ae413f9d28250b7def4516049ba5
WARNING: Failed to query the Pull Request last commit status for https://github.com/cb-kubecd/environment-pr-48-4-bdd-gke-staging/pull/1 ref 3aa312063044ae413f9d28250b7def4516049ba5 Could not find a status for repository cb-kubecd/environment-pr-48-4-bdd-gke-staging with ref 3aa312063044ae413f9d28250b7def4516049ba5
WARNING: Failed to query the Pull Request last commit status for https://github.com/cb-kubecd/environment-pr-48-4-bdd-gke-staging/pull/1 ref 3aa312063044ae413f9d28250b7def4516049ba5 Could not find a status for repository cb-kubecd/environment-pr-48-4-bdd-gke-staging with ref 3aa312063044ae413f9d28250b7def4516049ba5
WARNING: Failed to query the Pull Request last commit status for https://github.com/cb-kubecd/environment-pr-48-4-bdd-gke-staging/pull/1 ref 3aa312063044ae413f9d28250b7def4516049ba5 Could not find a status for repository cb-kubecd/environment-pr-48-4-bdd-gke-staging with ref 3aa312063044ae413f9d28250b7def4516049ba5
WARNING: Failed to query the Pull Request last commit status for https://github.com/cb-kubecd/environment-pr-48-4-bdd-gke-staging/pull/1 ref 3aa312063044ae413f9d28250b7def4516049ba5 Could not find a status for repository cb-kubecd/environment-pr-48-4-bdd-gke-staging with ref 3aa312063044ae413f9d28250b7def4516049ba5
WARNING: Failed to query the Pull Request last commit status for https://github.com/cb-kubecd/environment-pr-48-4-bdd-gke-staging/pull/1 ref 3aa312063044ae413f9d28250b7def4516049ba5 Could not find a status for repository cb-kubecd/environment-pr-48-4-bdd-gke-staging with ref 3aa312063044ae413f9d28250b7def4516049ba5
WARNING: Failed to query the Pull Request last commit status for https://github.com/cb-kubecd/environment-pr-48-4-bdd-gke-staging/pull/1 ref 3aa312063044ae413f9d28250b7def4516049ba5 Could not find a status for repository cb-kubecd/environment-pr-48-4-bdd-gke-staging with ref 3aa312063044ae413f9d28250b7def4516049ba5
WARNING: Failed to query the Pull Request last commit status for https://github.com/cb-kubecd/environment-pr-48-4-bdd-gke-staging/pull/1 ref 3aa312063044ae413f9d28250b7def4516049ba5 Could not find a status for repository cb-kubecd/environment-pr-48-4-bdd-gke-staging with ref 3aa312063044ae413f9d28250b7def4516049ba5
error: Timed out waiting for pull request https://github.com/cb-kubecd/environment-pr-48-4-bdd-gke-staging/pull/1 to merge. Waited 1h0m0s
[31m
Pipeline failed on stage 'from-build-pack' : container 'step-promote-jx-promote'. The execution of the pipeline has stopped.[0m
